
*** Running vivado
    with args -log blk_mem_gen_0.vds -m64 -product Vivado -mode batch -messageDb vivado.pb -notrace -source blk_mem_gen_0.tcl


****** Vivado v2016.4 (64-bit)
  **** SW Build 1756540 on Mon Jan 23 19:11:23 MST 2017
  **** IP Build 1755317 on Mon Jan 23 20:30:07 MST 2017
    ** Copyright 1986-2016 Xilinx, Inc. All Rights Reserved.

source blk_mem_gen_0.tcl -notrace
Starting RTL Elaboration : Time (s): cpu = 00:00:08 ; elapsed = 00:00:17 . Memory (MB): peak = 341.254 ; gain = 130.918
INFO: [Synth 8-638] synthesizing module 'blk_mem_gen_0' [c:/Users/72721/Desktop/test/project_3/project_3.srcs/sources_1/ip/blk_mem_gen_0/synth/blk_mem_gen_0.vhd:72]
INFO: [Synth 8-256] done synthesizing module 'blk_mem_gen_0' (9#1) [c:/Users/72721/Desktop/test/project_3/project_3.srcs/sources_1/ip/blk_mem_gen_0/synth/blk_mem_gen_0.vhd:72]
Finished RTL Elaboration : Time (s): cpu = 00:00:44 ; elapsed = 00:00:55 . Memory (MB): peak = 539.445 ; gain = 329.109
Finished RTL Optimization Phase 1 : Time (s): cpu = 00:00:44 ; elapsed = 00:00:55 . Memory (MB): peak = 539.445 ; gain = 329.109
INFO: [Device 21-403] Loading part xc7z010clg400-1
Constraint Validation Runtime : Time (s): cpu = 00:00:00 ; elapsed = 00:00:00.122 . Memory (MB): peak = 600.816 ; gain = 0.000
Finished Constraint Validation : Time (s): cpu = 00:00:52 ; elapsed = 00:01:06 . Memory (MB): peak = 600.816 ; gain = 390.480
Finished Loading Part and Timing Information : Time (s): cpu = 00:00:52 ; elapsed = 00:01:06 . Memory (MB): peak = 600.816 ; gain = 390.480
Finished applying 'set_property' XDC Constraints : Time (s): cpu = 00:00:52 ; elapsed = 00:01:06 . Memory (MB): peak = 600.816 ; gain = 390.480
Finished RTL Optimization Phase 2 : Time (s): cpu = 00:00:52 ; elapsed = 00:01:06 . Memory (MB): peak = 600.816 ; gain = 390.480
Finished Cross Boundary and Area Optimization : Time (s): cpu = 00:00:52 ; elapsed = 00:01:08 . Memory (MB): peak = 600.816 ; gain = 390.480
Finished Applying XDC Timing Constraints : Time (s): cpu = 00:01:01 ; elapsed = 00:01:18 . Memory (MB): peak = 625.902 ; gain = 415.566
Finished Timing Optimization : Time (s): cpu = 00:01:01 ; elapsed = 00:01:18 . Memory (MB): peak = 625.910 ; gain = 415.574
Finished Technology Mapping : Time (s): cpu = 00:01:01 ; elapsed = 00:01:18 . Memory (MB): peak = 635.617 ; gain = 425.281
Finished IO Insertion : Time (s): cpu = 00:01:02 ; elapsed = 00:01:19 . Memory (MB): peak = 635.617 ; gain = 425.281
Finished Renaming Generated Instances : Time (s): cpu = 00:01:02 ; elapsed = 00:01:19 . Memory (MB): peak = 635.617 ; gain = 425.281
Finished Rebuilding User Hierarchy : Time (s): cpu = 00:01:02 ; elapsed = 00:01:19 . Memory (MB): peak = 635.617 ; gain = 425.281
Finished Renaming Generated Ports : Time (s): cpu = 00:01:02 ; elapsed = 00:01:19 . Memory (MB): peak = 635.617 ; gain = 425.281
Finished Handling Custom Attributes : Time (s): cpu = 00:01:02 ; elapsed = 00:01:19 . Memory (MB): peak = 635.617 ; gain = 425.281
Finished Renaming Generated Nets : Time (s): cpu = 00:01:02 ; elapsed = 00:01:19 . Memory (MB): peak = 635.617 ; gain = 425.281

Report Cell Usage: 
+------+---------+------+
|      |Cell     |Count |
+------+---------+------+
|1     |RAMB18E1 |     1|
+------+---------+------+
Finished Writing Synthesis Report : Time (s): cpu = 00:01:02 ; elapsed = 00:01:19 . Memory (MB): peak = 635.617 ; gain = 425.281
synth_design: Time (s): cpu = 00:00:59 ; elapsed = 00:01:12 . Memory (MB): peak = 664.188 ; gain = 401.125
